Release 14.7 - ngc2edif P.20131013 (nt)
Copyright (c) 1995-2013 Xilinx, Inc.  All rights reserved.
Reading design top.ngc ...
WARNING:NetListWriters:298 - No output is written to top.xncf, ignored.
Processing design ...
   Preping design's networks ...
   Preping design's macros ...
WARNING:NetListWriters:306 - Signal bus c1/Mcompar_div_clk_cmp_le0000_lut<20 :
   0> on block top is not reconstructed, because there are some missing bus
   signals.
WARNING:NetListWriters:306 - Signal bus c1/Mcompar_div_clk_cnt_cmp_lt0000_lut<21
   : 0> on block top is not reconstructed, because there are some missing bus
   signals.
WARNING:NetListWriters:306 - Signal bus seg1/cnt_mux0000<29 : 0> on block top is
   not reconstructed, because there are some missing bus signals.
WARNING:NetListWriters:306 - Signal bus seg1/data_mux0000<5 : 0> on block top is
   not reconstructed, because there are some missing bus signals.
  finished :Prep
Writing EDIF netlist file top.edif ...
ngc2edif: Total memory usage is 44924 kilobytes

