Release 14.7 Map P.20131013 (nt)
Xilinx Mapping Report File for Design 'top'

Design Information
------------------
Command Line   : map -intstyle ise -p xc3s50an-tqg144-4 -cm area -ir off -pr off
-c 100 -o top_map.ncd top.ngd top.pcf 
Target Device  : xc3s50an
Target Package : tqg144
Target Speed   : -4
Mapper Version : spartan3a -- $Revision: 1.55 $
Mapped Date    : Wed Nov 08 00:31:13 2023

Design Summary
--------------
Number of errors:      0
Number of warnings:    0
Logic Utilization:
  Number of Slice Flip Flops:           570 out of   1,408   40%
  Number of 4 input LUTs:             1,086 out of   1,408   77%
Logic Distribution:
  Number of occupied Slices:            666 out of     704   94%
    Number of Slices containing only related logic:     666 out of     666 100%
    Number of Slices containing unrelated logic:          0 out of     666   0%
      *See NOTES below for an explanation of the effects of unrelated logic.
  Total Number of 4 input LUTs:       1,207 out of   1,408   85%
    Number used as logic:             1,086
    Number used as a route-thru:        121

  The Slice Logic Distribution report is not meaningful if the design is
  over-mapped for a non-slice resource or if Placement fails.

  Number of bonded IOBs:                 46 out of     108   42%
  Number of BUFGMUXs:                     3 out of      24   12%
  Number of MULT18X18SIOs:                1 out of       3   33%

Average Fanout of Non-Clock Nets:                3.09

Peak Memory Usage:  178 MB
Total REAL time to MAP completion:  3 secs 
Total CPU time to MAP completion:   2 secs 

NOTES:

   Related logic is defined as being logic that shares connectivity - e.g. two
   LUTs are "related" if they share common inputs.  When assembling slices,
   Map gives priority to combine logic that is related.  Doing so results in
   the best timing performance.

   Unrelated logic shares no connectivity.  Map will only begin packing
   unrelated logic into a slice once 99% of the slices are occupied through
   related logic packing.

   Note that once logic distribution reaches the 99% level through related
   logic packing, this does not mean the device is completely utilized.
   Unrelated logic packing will then begin, continuing until all usable LUTs
   and FFs are occupied.  Depending on your timing budget, increased levels of
   unrelated logic packing may adversely affect the overall timing performance
   of your design.

Table of Contents
-----------------
Section 1 - Errors
Section 2 - Warnings
Section 3 - Informational
Section 4 - Removed Logic Summary
Section 5 - Removed Logic
Section 6 - IOB Properties
Section 7 - RPMs
Section 8 - Guide Report
Section 9 - Area Group and Partition Summary
Section 10 - Timing Report
Section 11 - Configuration String Information
Section 12 - Control Set Information
Section 13 - Utilization by Hierarchy

Section 1 - Errors
------------------

Section 2 - Warnings
--------------------

Section 3 - Informational
-------------------------
INFO:MapLib:562 - No environment variables are currently set.
INFO:LIT:244 - All of the single ended outputs in this design are using slew
   rate limited output drivers. The delay on speed critical single ended outputs
   can be dramatically reduced by designating them as fast outputs.

Section 4 - Removed Logic Summary
---------------------------------
   2 block(s) optimized away

Section 5 - Removed Logic
-------------------------

Optimized Block(s):
TYPE 		BLOCK
GND 		XST_GND
VCC 		XST_VCC

To enable printing of redundant blocks removed and signals merged, set the
detailed map report option and rerun map.

Section 6 - IOB Properties
--------------------------

+-------------------------------------------------------------------------------------------------------------------------------------------------------------------------------+
| IOB Name                           | Type             | Direction | IO Standard          | Diff  | Drive    | Slew    | Reg (s)      | Resistor | IBUF/IFD | SUSPEND          |
|                                    |                  |           |                      | Term  | Strength | Rate    |              |          | Delay    |                  |
+-------------------------------------------------------------------------------------------------------------------------------------------------------------------------------+
| Key_ACC                            | IBUF             | INPUT     | LVTTL                |       |          |         |              |          | 0 / 0    |                  |
| Key_plus                           | IBUF             | INPUT     | LVTTL                |       |          |         |              |          | 0 / 0    |                  |
| Key_state<0>                       | IBUF             | INPUT     | LVTTL                |       |          |         |              |          | 0 / 0    |                  |
| Key_state<1>                       | IBUF             | INPUT     | LVTTL                |       |          |         |              |          | 0 / 0    |                  |
| Key_sub                            | IBUF             | INPUT     | LVTTL                |       |          |         |              |          | 0 / 0    |                  |
| SIM<0>                             | IOB              | OUTPUT    | LVCMOS25             |       | 12       | SLOW    |              |          | 0 / 0    | 3STATE           |
| SIM<1>                             | IOB              | OUTPUT    | LVCMOS25             |       | 12       | SLOW    |              |          | 0 / 0    | 3STATE           |
| SN74HC595_data                     | IOB              | OUTPUT    | LVTTL                |       | 12       | SLOW    |              |          | 0 / 0    | 3STATE           |
| SN74HC595_data_clk                 | IOB              | OUTPUT    | LVTTL                |       | 12       | SLOW    |              |          | 0 / 0    | 3STATE           |
| SN74HC595_refresh_clk              | IOB              | OUTPUT    | LVTTL                |       | 12       | SLOW    |              |          | 0 / 0    | 3STATE           |
| clk                                | IBUF             | INPUT     | LVCMOS33             |       |          |         |              |          | 0 / 0    |                  |
| o_G1                               | IOB              | OUTPUT    | LVCMOS25             |       | 12       | SLOW    |              |          | 0 / 0    | 3STATE           |
| o_G2                               | IOB              | OUTPUT    | LVTTL                |       | 12       | SLOW    |              |          | 0 / 0    | 3STATE           |
| o_G1_L                             | IOB              | OUTPUT    | LVCMOS25             |       | 12       | SLOW    |              |          | 0 / 0    | 3STATE           |
| o_G2_L                             | IOB              | OUTPUT    | LVCMOS25             |       | 12       | SLOW    |              |          | 0 / 0    | 3STATE           |
| o_R1                               | IOB              | OUTPUT    | LVCMOS25             |       | 12       | SLOW    |              |          | 0 / 0    | 3STATE           |
| o_R2                               | IOB              | OUTPUT    | LVTTL                |       | 12       | SLOW    |              |          | 0 / 0    | 3STATE           |
| o_R1_L                             | IOB              | OUTPUT    | LVCMOS25             |       | 12       | SLOW    |              |          | 0 / 0    | 3STATE           |
| o_R2_L                             | IOB              | OUTPUT    | LVTTL                |       | 12       | SLOW    |              |          | 0 / 0    | 3STATE           |
| o_Y1                               | IOB              | OUTPUT    | LVCMOS25             |       | 12       | SLOW    |              |          | 0 / 0    | 3STATE           |
| o_Y2                               | IOB              | OUTPUT    | LVTTL                |       | 12       | SLOW    |              |          | 0 / 0    | 3STATE           |
| o_Y1_L                             | IOB              | OUTPUT    | LVCMOS25             |       | 12       | SLOW    |              |          | 0 / 0    | 3STATE           |
| o_Y2_L                             | IOB              | OUTPUT    | LVCMOS25             |       | 12       | SLOW    |              |          | 0 / 0    | 3STATE           |
| seg71_d<0>                         | IOB              | OUTPUT    | LVTTL                |       | 12       | SLOW    |              |          | 0 / 0    | 3STATE           |
| seg71_d<1>                         | IOB              | OUTPUT    | LVTTL                |       | 12       | SLOW    |              |          | 0 / 0    | 3STATE           |
| seg71_d<2>                         | IOB              | OUTPUT    | LVTTL                |       | 12       | SLOW    |              |          | 0 / 0    | 3STATE           |
| seg71_d<3>                         | IOB              | OUTPUT    | LVTTL                |       | 12       | SLOW    |              |          | 0 / 0    | 3STATE           |
| seg71_d<4>                         | IOB              | OUTPUT    | LVTTL                |       | 12       | SLOW    |              |          | 0 / 0    | 3STATE           |
| seg71_d<5>                         | IOB              | OUTPUT    | LVTTL                |       | 12       | SLOW    |              |          | 0 / 0    | 3STATE           |
| seg71_d<6>                         | IOB              | OUTPUT    | LVTTL                |       | 12       | SLOW    |              |          | 0 / 0    | 3STATE           |
| seg71_sel<0>                       | IOB              | OUTPUT    | LVTTL                |       | 12       | SLOW    |              |          | 0 / 0    | 3STATE           |
| seg71_sel<1>                       | IOB              | OUTPUT    | LVTTL                |       | 12       | SLOW    |              |          | 0 / 0    | 3STATE           |
| seg71_sel<2>                       | IOB              | OUTPUT    | LVTTL                |       | 12       | SLOW    |              |          | 0 / 0    | 3STATE           |
| seg71_sel<3>                       | IOB              | OUTPUT    | LVTTL                |       | 12       | SLOW    |              |          | 0 / 0    | 3STATE           |
| seg72_d<0>                         | IOB              | OUTPUT    | LVTTL                |       | 12       | SLOW    |              |          | 0 / 0    | 3STATE           |
| seg72_d<1>                         | IOB              | OUTPUT    | LVTTL                |       | 12       | SLOW    |              |          | 0 / 0    | 3STATE           |
| seg72_d<2>                         | IOB              | OUTPUT    | LVTTL                |       | 12       | SLOW    |              |          | 0 / 0    | 3STATE           |
| seg72_d<3>                         | IOB              | OUTPUT    | LVTTL                |       | 12       | SLOW    |              |          | 0 / 0    | 3STATE           |
| seg72_d<4>                         | IOB              | OUTPUT    | LVTTL                |       | 12       | SLOW    |              |          | 0 / 0    | 3STATE           |
| seg72_d<5>                         | IOB              | OUTPUT    | LVTTL                |       | 12       | SLOW    |              |          | 0 / 0    | 3STATE           |
| seg72_d<6>                         | IOB              | OUTPUT    | LVTTL                |       | 12       | SLOW    |              |          | 0 / 0    | 3STATE           |
| seg72_dot                          | IOB              | OUTPUT    | LVTTL                |       | 12       | SLOW    |              |          | 0 / 0    | 3STATE           |
| seg72_sel<0>                       | IOB              | OUTPUT    | LVTTL                |       | 12       | SLOW    |              |          | 0 / 0    | 3STATE           |
| seg72_sel<1>                       | IOB              | OUTPUT    | LVTTL                |       | 12       | SLOW    |              |          | 0 / 0    | 3STATE           |
| seg72_sel<2>                       | IOB              | OUTPUT    | LVTTL                |       | 12       | SLOW    |              |          | 0 / 0    | 3STATE           |
| seg72_sel<3>                       | IOB              | OUTPUT    | LVTTL                |       | 12       | SLOW    |              |          | 0 / 0    | 3STATE           |
+-------------------------------------------------------------------------------------------------------------------------------------------------------------------------------+

Section 7 - RPMs
----------------

Section 8 - Guide Report
------------------------
Guide not run on this design.

Section 9 - Area Group and Partition Summary
--------------------------------------------

Partition Implementation Status
-------------------------------

  No Partitions were found in this design.

-------------------------------

Area Group Information
----------------------

  No area groups were found in this design.

----------------------

Section 10 - Timing Report
--------------------------
This design was not run using timing mode.

Section 11 - Configuration String Details
-----------------------------------------
Use the "-detail" map option to print out Configuration Strings

Section 12 - Control Set Information
------------------------------------
No control set information for this architecture.

Section 13 - Utilization by Hierarchy
-------------------------------------
Use the "-detail" map option to print out the Utilization by Hierarchy section.
